<?xml version="1.0" encoding="UTF-8"?>
<!-- Generated by org.testng.reporters.JUnitReportReporter -->
<testsuite hostname="DU1LSITA112PPH" failures="0" tests="4" name="org.test.testrail.TestRailIntegrationWebTest" time="1.540" errors="0" timestamp="2023-07-20T18:10:49 GST" skipped="0">
  <testcase classname="org.test.testrail.TestRailIntegrationWebTest" name="verifySupportEmailAddress" time="0.099"/>
  <system-out/>
  <testcase classname="org.test.testrail.TestRailIntegrationWebTest" name="executeroyalAirLoginFlow" time="0.104"/>
  <system-out/>
  <testcase classname="org.test.testrail.TestRailIntegrationWebTest" name="verifySupportPhoneNo" time="1.229"/>
  <system-out/>
  <testcase classname="org.test.testrail.TestRailIntegrationWebTest" name="getRoyalAirPageTitle" time="0.108"/>
  <system-out/>
</testsuite> <!-- org.test.testrail.TestRailIntegrationWebTest -->
